<?xml version="1.0" encoding="UTF-8"?>
<testng-results ignored="0" total="1" passed="0" failed="1" skipped="0">
  <reporter-output>
  </reporter-output>
  <suite started-at="2019-09-05T07:35:29Z" name="Default suite" finished-at="2019-09-05T07:35:43Z" duration-ms="14636">
    <groups>
    </groups>
    <test started-at="2019-09-05T07:35:29Z" name="Default test" finished-at="2019-09-05T07:35:43Z" duration-ms="14636">
      <class name="com.roundwaycleartrip.testscripts.ClearTripAssignment">
        <test-method is-config="true" signature="initializeBrowser()[pri:0, instance:com.roundwaycleartrip.testscripts.ClearTripAssignment@19d37183]" started-at="2019-09-05T07:35:30Z" name="initializeBrowser" finished-at="2019-09-05T07:35:43Z" duration-ms="13570" status="PASS">
          <reporter-output>
          </reporter-output>
        </test-method> <!-- initializeBrowser -->
        <test-method signature="fromPlace(java.lang.String, java.lang.String, java.lang.String, java.lang.String, java.lang.String, java.lang.String)[pri:0, instance:com.roundwaycleartrip.testscripts.ClearTripAssignment@19d37183]" started-at="2019-09-05T07:35:43Z" name="fromPlace" data-provider="testdata" finished-at="2019-09-05T07:35:43Z" duration-ms="16" status="FAIL">
          <params>
            <param index="0">
              <value>
                <![CDATA[http://www.cleartrip.com]]>
              </value>
            </param>
            <param index="1">
              <value>
                <![CDATA[saianusha.p7@gmail.com]]>
              </value>
            </param>
            <param index="2">
              <value>
                <![CDATA[Ms]]>
              </value>
            </param>
            <param index="3">
              <value>
                <![CDATA[Anusha]]>
              </value>
            </param>
            <param index="4">
              <value>
                <![CDATA[Chowdary]]>
              </value>
            </param>
            <param index="5">
              <value>
                <![CDATA[6301657207]]>
              </value>
            </param>
          </params>
          <exception class="java.io.FileNotFoundException">
            <message>
              <![CDATA[C:\Users\saianusha.podichervu\eclipse-workspace\RoundwayClearTrip\resources\locators\cleartriplocators.properties (The system cannot find the file specified)]]>
            </message>
            <full-stacktrace>
              <![CDATA[java.io.FileNotFoundException: C:\Users\saianusha.podichervu\eclipse-workspace\RoundwayClearTrip\resources\locators\cleartriplocators.properties (The system cannot find the file specified)
at java.base/java.io.FileInputStream.open0(Native Method)
at java.base/java.io.FileInputStream.open(FileInputStream.java:213)
at java.base/java.io.FileInputStream.<init>(FileInputStream.java:155)
at java.base/java.io.FileReader.<init>(FileReader.java:75)
at com.roundwaycleartrip.ReadLocatorsFile.loadProperty(ReadLocatorsFile.java:17)
at com.roundwaycleartrip.testscripts.ClearTripAssignment.fromPlace(ClearTripAssignment.java:23)
at java.base/jdk.internal.reflect.NativeMethodAccessorImpl.invoke0(Native Method)
at java.base/jdk.internal.reflect.NativeMethodAccessorImpl.invoke(NativeMethodAccessorImpl.java:62)
at java.base/jdk.internal.reflect.DelegatingMethodAccessorImpl.invoke(DelegatingMethodAccessorImpl.java:43)
at java.base/java.lang.reflect.Method.invoke(Method.java:567)
at org.testng.internal.MethodInvocationHelper.invokeMethod(MethodInvocationHelper.java:124)
at org.testng.internal.Invoker.invokeMethod(Invoker.java:583)
at org.testng.internal.Invoker.invokeTestMethod(Invoker.java:719)
at org.testng.internal.Invoker.invokeTestMethods(Invoker.java:989)
at org.testng.internal.TestMethodWorker.invokeTestMethods(TestMethodWorker.java:125)
at org.testng.internal.TestMethodWorker.run(TestMethodWorker.java:109)
at org.testng.TestRunner.privateRun(TestRunner.java:648)
at org.testng.TestRunner.run(TestRunner.java:505)
at org.testng.SuiteRunner.runTest(SuiteRunner.java:455)
at org.testng.SuiteRunner.runSequentially(SuiteRunner.java:450)
at org.testng.SuiteRunner.privateRun(SuiteRunner.java:415)
at org.testng.SuiteRunner.run(SuiteRunner.java:364)
at org.testng.SuiteRunnerWorker.runSuite(SuiteRunnerWorker.java:52)
at org.testng.SuiteRunnerWorker.run(SuiteRunnerWorker.java:84)
at org.testng.TestNG.runSuitesSequentially(TestNG.java:1208)
at org.testng.TestNG.runSuitesLocally(TestNG.java:1137)
at org.testng.TestNG.runSuites(TestNG.java:1049)
at org.testng.TestNG.run(TestNG.java:1017)
at org.testng.remote.AbstractRemoteTestNG.run(AbstractRemoteTestNG.java:115)
at org.testng.remote.RemoteTestNG.initAndRun(RemoteTestNG.java:251)
at org.testng.remote.RemoteTestNG.main(RemoteTestNG.java:77)
]]>
            </full-stacktrace>
          </exception> <!-- java.io.FileNotFoundException -->
          <reporter-output>
          </reporter-output>
        </test-method> <!-- fromPlace -->
      </class> <!-- com.roundwaycleartrip.testscripts.ClearTripAssignment -->
    </test> <!-- Default test -->
  </suite> <!-- Default suite -->
</testng-results>
